TN:
SF:script/Deploy.s.sol
DA:8,0
FN:8,DeployKhoopDefi.run
FNDA:0,DeployKhoopDefi.run
DA:9,0
DA:12,0
DA:13,0
DA:14,0
DA:15,0
DA:17,0
DA:18,0
DA:22,0
DA:31,0
DA:32,0
FNF:1
FNH:0
LF:11
LH:0
BRF:0
BRH:0
end_of_record
TN:
SF:src/KhoopDefi.sol
DA:109,101175
FN:109,KhoopDefi.validRefferer
FNDA:101175,KhoopDefi.validRefferer
DA:111,101175
BRDA:111,0,0,101171
DA:112,101171
BRDA:112,1,0,-
DA:113,0
DA:115,101171
BRDA:115,2,0,1
DA:116,1
DA:118,101170
BRDA:118,3,0,2
DA:119,2
DA:127,26
FN:127,KhoopDefi.constructor
FNDA:26,KhoopDefi.constructor
DA:128,26
BRDA:128,4,0,-
DA:129,0
DA:131,26
DA:132,104
DA:133,104
BRDA:133,5,0,-
DA:134,0
DA:137,26
DA:138,390
DA:139,390
BRDA:139,6,0,-
DA:140,0
DA:145,26
DA:146,26
DA:147,26
DA:148,26
DA:149,26
DA:158,101176
FN:158,KhoopDefi.purchaseEntries
FNDA:101176,KhoopDefi.purchaseEntries
DA:164,101172
BRDA:164,7,0,3
DA:165,3
DA:168,101169
BRDA:168,8,0,1
DA:169,1
DA:173,101168
DA:174,101168
BRDA:174,9,0,2
DA:175,2
DA:178,101166
DA:181,101166
BRDA:181,10,0,101164
DA:182,101164
DA:186,101166
DA:189,101166
DA:190,2
BRDA:190,11,0,1
DA:191,1
DA:195,101165
DA:196,1001246
DA:200,101165
DA:201,101165
DA:202,101165
DA:203,101165
DA:205,101165
DA:207,101165
DA:209,101165
DA:222,2
FN:222,KhoopDefi.completeCycle
FNDA:2,KhoopDefi.completeCycle
DA:223,2
DA:224,2
BRDA:224,12,0,-
DA:225,0
BRDA:225,13,0,-
DA:226,2
BRDA:226,14,0,1
DA:227,1
DA:231,1
BRDA:231,15,0,-
DA:232,0
DA:236,1
DA:237,1
DA:240,1
DA:241,1
DA:244,1
DA:245,1
DA:246,1
DA:249,1
DA:251,1
DA:258,1
FN:258,KhoopDefi.pause
FNDA:1,KhoopDefi.pause
DA:259,1
DA:265,1
FN:265,KhoopDefi.unpause
FNDA:1,KhoopDefi.unpause
DA:266,1
DA:272,0
FN:272,KhoopDefi.emergencyWithdraw
FNDA:0,KhoopDefi.emergencyWithdraw
DA:273,0
DA:277,101190
FN:277,KhoopDefi._registerUser
FNDA:101190,KhoopDefi._registerUser
DA:278,101190
DA:291,101190
BRDA:291,16,0,101164
DA:292,101164
DA:294,101164
BRDA:294,17,0,101164
DA:295,101164
DA:296,101164
DA:297,101164
DA:298,101164
DA:299,101164
DA:300,101164
DA:304,101190
DA:305,101190
DA:308,600798
FN:308,KhoopDefi._advancePendingStart
FNDA:600798,KhoopDefi._advancePendingStart
DA:310,901190
DA:311,300392
DA:315,300406
FN:315,KhoopDefi._nextPendingEntry
FNDA:300406,KhoopDefi._nextPendingEntry
DA:316,300406
DA:317,300406
DA:318,300391
DA:321,1001246
FN:321,KhoopDefi._createEntry
FNDA:1001246,KhoopDefi._createEntry
DA:322,1001246
DA:330,1001246
DA:331,1001246
DA:334,101166
FN:334,KhoopDefi._updateAndCheckDailyLimits
FNDA:101166,KhoopDefi._updateAndCheckDailyLimits
DA:335,101166
BRDA:335,19,0,-
DA:336,0
DA:337,0
DA:340,101166
BRDA:340,20,0,-
DA:341,0
DA:344,101166
DA:348,101165
FN:348,KhoopDefi._processMultipleAutoFills
FNDA:101165,KhoopDefi._processMultipleAutoFills
DA:349,101165
DA:350,101165
DA:353,401556
DA:354,300406
DA:355,300406
DA:358,300391
DA:359,300391
DA:361,300391
DA:364,101165
BRDA:364,23,0,100362
DA:365,100362
DA:369,300391
FN:369,KhoopDefi._processSingleAutoFill
FNDA:300391,KhoopDefi._processSingleAutoFill
DA:370,300391
DA:373,300391
BRDA:373,24,0,-
DA:374,0
DA:377,300391
BRDA:377,25,0,-
DA:378,0
DA:382,300391
DA:383,300391
DA:386,300391
DA:387,300391
DA:390,300391
DA:393,300391
DA:394,300391
DA:395,300391
DA:398,300391
DA:400,300391
DA:401,300391
DA:403,300391
DA:410,101165
FN:410,KhoopDefi._distributeTeamShares
FNDA:101165,KhoopDefi._distributeTeamShares
DA:411,101165
DA:412,101165
DA:413,101165
DA:416,101165
DA:417,404660
DA:421,101165
DA:422,1517475
DA:426,101165
DA:427,101165
DA:428,101165
DA:432,0
FN:432,KhoopDefi.getContractBalance
FNDA:0,KhoopDefi.getContractBalance
DA:433,0
DA:436,22
FN:436,KhoopDefi.getBuybackAccumulated
FNDA:22,KhoopDefi.getBuybackAccumulated
DA:437,22
DA:443,0
FN:443,KhoopDefi.getUserStats
FNDA:0,KhoopDefi.getUserStats
DA:450,0
DA:451,0
DA:464,1
FN:464,KhoopDefi.getGlobalStats
FNDA:1,KhoopDefi.getGlobalStats
DA:471,1
DA:483,0
FN:483,KhoopDefi.getUserPendingEntries
FNDA:0,KhoopDefi.getUserPendingEntries
DA:484,0
DA:485,0
DA:488,0
DA:489,0
BRDA:489,26,0,-
DA:490,0
DA:495,0
DA:496,0
DA:497,0
DA:498,0
BRDA:498,27,0,-
DA:499,0
DA:500,0
DA:504,0
FNF:20
FNH:16
LF:164
LH:133
BRF:25
BRH:12
end_of_record
TN:
SF:test/AutoFillCap.t.sol
DA:17,26
FN:17,MockUSDT.transfer
FNDA:26,MockUSDT.transfer
DA:18,26
BRDA:18,0,0,-
BRDA:18,0,1,26
DA:19,26
DA:20,26
DA:21,26
DA:22,26
DA:25,1
FN:25,MockUSDT.approve
FNDA:1,MockUSDT.approve
DA:26,1
DA:27,1
DA:28,1
DA:31,1
FN:31,MockUSDT.transferFrom
FNDA:1,MockUSDT.transferFrom
DA:32,1
DA:33,1
BRDA:33,1,0,-
BRDA:33,1,1,1
DA:34,1
BRDA:34,2,0,-
BRDA:34,2,1,1
DA:35,1
DA:36,1
DA:37,1
DA:38,1
DA:39,1
DA:43,2
FN:43,MockUSDT.mint
FNDA:2,MockUSDT.mint
DA:44,2
DA:45,2
DA:46,2
DA:67,1
FN:67,TestKhoopDefi.setBuybackAccumulated
FNDA:1,TestKhoopDefi.setBuybackAccumulated
DA:68,1
FNF:5
FNH:5
LF:25
LH:25
BRF:6
BRH:3
end_of_record
TN:
SF:test/RobustTests.t.sol
DA:19,3171
FN:19,MockUSDT.transfer
FNDA:3171,MockUSDT.transfer
DA:20,3171
BRDA:20,0,0,-
BRDA:20,0,1,3171
DA:21,3171
DA:22,3171
DA:23,3171
DA:24,3171
DA:27,151
FN:27,MockUSDT.approve
FNDA:151,MockUSDT.approve
DA:28,151
DA:29,151
DA:30,151
DA:33,148
FN:33,MockUSDT.transferFrom
FNDA:148,MockUSDT.transferFrom
DA:34,148
DA:35,148
BRDA:35,1,0,-
BRDA:35,1,1,148
DA:36,148
BRDA:36,2,0,-
BRDA:36,2,1,148
DA:37,148
DA:38,148
DA:39,148
DA:40,148
DA:41,148
DA:45,167
FN:45,MockUSDT.mint
FNDA:167,MockUSDT.mint
DA:46,167
DA:47,167
DA:48,167
DA:66,8
FN:66,TestKhoopDefi.setBuybackAccumulated
FNDA:8,TestKhoopDefi.setBuybackAccumulated
DA:67,8
DA:70,4
FN:70,TestKhoopDefi.getPendingStartId
FNDA:4,TestKhoopDefi.getPendingStartId
DA:71,4
DA:74,2
FN:74,TestKhoopDefi.getNextEntryId
FNDA:2,TestKhoopDefi.getNextEntryId
DA:75,2
DA:78,2
FN:78,TestKhoopDefi.getEntry
FNDA:2,TestKhoopDefi.getEntry
DA:79,2
DA:80,2
DA:90,1
FN:90,MaliciousContract.constructor
FNDA:1,MaliciousContract.constructor
DA:91,1
DA:92,1
DA:95,1
FN:95,MaliciousContract.attack
FNDA:1,MaliciousContract.attack
DA:96,1
DA:98,1
DA:102,0
FN:102,MaliciousContract.onERC721Received
FNDA:0,MaliciousContract.onERC721Received
DA:103,0
BRDA:103,0,0,-
DA:104,0
DA:106,0
DA:108,0
FNF:11
FNH:10
LF:43
LH:38
BRF:7
BRH:3
end_of_record
TN:
SF:test/mocks/MockUSDT.sol
DA:9,0
FN:9,MockUSDT.decimals
FNDA:0,MockUSDT.decimals
DA:10,0
DA:13,101029
FN:13,MockUSDT.mint
FNDA:101029,MockUSDT.mint
DA:14,101029
FNF:2
FNH:1
LF:4
LH:2
BRF:0
BRH:0
end_of_record
